2021-08-02 14:58:30,061:INFO:Initializing load_model()
2021-08-02 14:58:30,063:INFO:load_model(model_name=model/modelo_final_cat, platform=None, authentication=None, verbose=True)
2021-08-02 15:00:31,642:INFO:Initializing load_model()
2021-08-02 15:00:31,644:INFO:load_model(model_name=model/modelo_final_cat, platform=None, authentication=None, verbose=True)
2021-08-02 15:01:08,351:INFO:Initializing load_model()
2021-08-02 15:01:08,352:INFO:load_model(model_name=model/modelo_final_cat, platform=None, authentication=None, verbose=True)
2021-08-02 15:01:08,822:INFO:Initializing load_model()
2021-08-02 15:01:08,823:INFO:load_model(model_name=model/modelo_final_cat, platform=None, authentication=None, verbose=True)
2021-08-02 15:01:17,589:INFO:Initializing load_model()
2021-08-02 15:01:17,592:INFO:load_model(model_name=model/modelo_final_cat, platform=None, authentication=None, verbose=True)
2021-08-02 15:01:35,854:INFO:Initializing load_model()
2021-08-02 15:01:35,855:INFO:load_model(model_name=model/modelo_final_cat, platform=None, authentication=None, verbose=True)
2021-08-02 15:01:36,995:INFO:Initializing load_model()
2021-08-02 15:01:36,996:INFO:load_model(model_name=model/modelo_final_cat, platform=None, authentication=None, verbose=True)
2021-08-02 15:02:26,426:INFO:Initializing load_model()
2021-08-02 15:02:26,426:INFO:load_model(model_name=model/modelo_final_cat, platform=None, authentication=None, verbose=True)
2021-08-02 15:02:35,086:INFO:Initializing load_model()
2021-08-02 15:02:35,087:INFO:load_model(model_name=model/modelo_final_cat, platform=None, authentication=None, verbose=True)
2021-08-02 15:02:43,111:INFO:Initializing load_model()
2021-08-02 15:02:43,112:INFO:load_model(model_name=model/modelo_final_cat, platform=None, authentication=None, verbose=True)
2021-08-02 15:02:49,925:INFO:Initializing load_model()
2021-08-02 15:02:49,926:INFO:load_model(model_name=model/modelo_final_cat, platform=None, authentication=None, verbose=True)
2021-08-02 15:02:54,136:INFO:Initializing load_model()
2021-08-02 15:02:54,138:INFO:load_model(model_name=model/modelo_final_cat, platform=None, authentication=None, verbose=True)
2021-08-02 15:02:56,291:INFO:Initializing load_model()
2021-08-02 15:02:56,291:INFO:load_model(model_name=model/modelo_final_cat, platform=None, authentication=None, verbose=True)
2021-08-02 15:03:03,314:INFO:Initializing load_model()
2021-08-02 15:03:03,314:INFO:load_model(model_name=model/modelo_final_cat, platform=None, authentication=None, verbose=True)
2021-08-02 15:03:10,041:INFO:Initializing load_model()
2021-08-02 15:03:10,044:INFO:load_model(model_name=model/modelo_final_cat, platform=None, authentication=None, verbose=True)
2021-08-02 15:03:13,493:INFO:Initializing load_model()
2021-08-02 15:03:13,495:INFO:load_model(model_name=model/modelo_final_cat, platform=None, authentication=None, verbose=True)
2021-08-02 15:03:17,134:INFO:Initializing load_model()
2021-08-02 15:03:17,135:INFO:load_model(model_name=model/modelo_final_cat, platform=None, authentication=None, verbose=True)
2021-08-02 15:03:17,436:INFO:Initializing load_model()
2021-08-02 15:03:17,439:INFO:load_model(model_name=model/modelo_final_cat, platform=None, authentication=None, verbose=True)
2021-08-02 15:03:17,627:INFO:Initializing predict_model()
2021-08-02 15:03:17,628:INFO:predict_model(estimator=Pipeline(steps=[('dtypes',
                 DataTypes_Auto_infer(ml_usecase='regression',
                                      numerical_features=['num_quartos',
                                                          'num_banheiros',
                                                          'garagem',
                                                          'num_andares',
                                                          'aceita_animais',
                                                          'mobilia'],
                                      target='valor_aluguel')),
                ('imputer',
                 Simple_Imputer(categorical_strategy='not_available',
                                fill_value_categorical=None,
                                fill_value_numerical=None,
                                numeric_strategy='mean',
                                target_vari...
                ('binn', 'passthrough'), ('rem_outliers', 'passthrough'),
                ('cluster_all', 'passthrough'),
                ('dummy', Dummify(target='valor_aluguel')),
                ('fix_perfect', Remove_100(target='valor_aluguel')),
                ('clean_names', Clean_Colum_Names()),
                ('feature_select', 'passthrough'), ('fix_multi', 'passthrough'),
                ('dfs', 'passthrough'), ('pca', 'passthrough'),
                ['trained_model',
                 <catboost.core.CatBoostRegressor object at 0x7f09cac222b0>]]), probability_threshold=None, encoded_labels=True, raw_score=False, round=4, verbose=True, ml_usecase=MLUsecase.REGRESSION, display=None)
2021-08-02 15:03:17,629:INFO:Checking exceptions
2021-08-02 15:03:17,629:INFO:Preloading libraries
2021-08-02 15:04:19,804:INFO:Initializing load_model()
2021-08-02 15:04:19,807:INFO:load_model(model_name=model/modelo_final_cat, platform=None, authentication=None, verbose=True)
2021-08-02 15:04:20,045:INFO:Initializing predict_model()
2021-08-02 15:04:20,046:INFO:predict_model(estimator=Pipeline(steps=[('dtypes',
                 DataTypes_Auto_infer(ml_usecase='regression',
                                      numerical_features=['num_quartos',
                                                          'num_banheiros',
                                                          'garagem',
                                                          'num_andares',
                                                          'aceita_animais',
                                                          'mobilia'],
                                      target='valor_aluguel')),
                ('imputer',
                 Simple_Imputer(categorical_strategy='not_available',
                                fill_value_categorical=None,
                                fill_value_numerical=None,
                                numeric_strategy='mean',
                                target_vari...
                ('binn', 'passthrough'), ('rem_outliers', 'passthrough'),
                ('cluster_all', 'passthrough'),
                ('dummy', Dummify(target='valor_aluguel')),
                ('fix_perfect', Remove_100(target='valor_aluguel')),
                ('clean_names', Clean_Colum_Names()),
                ('feature_select', 'passthrough'), ('fix_multi', 'passthrough'),
                ('dfs', 'passthrough'), ('pca', 'passthrough'),
                ['trained_model',
                 <catboost.core.CatBoostRegressor object at 0x7f09bf5a0700>]]), probability_threshold=None, encoded_labels=True, raw_score=False, round=4, verbose=True, ml_usecase=MLUsecase.REGRESSION, display=None)
2021-08-02 15:04:20,055:INFO:Checking exceptions
2021-08-02 15:04:20,059:INFO:Preloading libraries
2021-08-02 15:04:44,118:INFO:Initializing load_model()
2021-08-02 15:04:44,122:INFO:load_model(model_name=model/modelo_final_cat, platform=None, authentication=None, verbose=True)
2021-08-02 15:04:47,864:INFO:Initializing load_model()
2021-08-02 15:04:47,867:INFO:load_model(model_name=model/modelo_final_cat, platform=None, authentication=None, verbose=True)
2021-08-02 15:04:55,351:INFO:Initializing load_model()
2021-08-02 15:04:55,353:INFO:load_model(model_name=model/modelo_final_cat, platform=None, authentication=None, verbose=True)
2021-08-02 15:04:55,574:INFO:Initializing predict_model()
2021-08-02 15:04:55,575:INFO:predict_model(estimator=Pipeline(steps=[('dtypes',
                 DataTypes_Auto_infer(ml_usecase='regression',
                                      numerical_features=['num_quartos',
                                                          'num_banheiros',
                                                          'garagem',
                                                          'num_andares',
                                                          'aceita_animais',
                                                          'mobilia'],
                                      target='valor_aluguel')),
                ('imputer',
                 Simple_Imputer(categorical_strategy='not_available',
                                fill_value_categorical=None,
                                fill_value_numerical=None,
                                numeric_strategy='mean',
                                target_vari...
                ('binn', 'passthrough'), ('rem_outliers', 'passthrough'),
                ('cluster_all', 'passthrough'),
                ('dummy', Dummify(target='valor_aluguel')),
                ('fix_perfect', Remove_100(target='valor_aluguel')),
                ('clean_names', Clean_Colum_Names()),
                ('feature_select', 'passthrough'), ('fix_multi', 'passthrough'),
                ('dfs', 'passthrough'), ('pca', 'passthrough'),
                ['trained_model',
                 <catboost.core.CatBoostRegressor object at 0x7f09bf057a00>]]), probability_threshold=None, encoded_labels=True, raw_score=False, round=4, verbose=True, ml_usecase=MLUsecase.REGRESSION, display=None)
2021-08-02 15:04:55,576:INFO:Checking exceptions
2021-08-02 15:04:55,594:INFO:Preloading libraries
2021-08-02 15:06:11,810:INFO:Initializing load_model()
2021-08-02 15:06:11,812:INFO:load_model(model_name=model/modelo_final_cat, platform=None, authentication=None, verbose=True)
2021-08-02 15:06:16,054:INFO:Initializing load_model()
2021-08-02 15:06:16,055:INFO:load_model(model_name=model/modelo_final_cat, platform=None, authentication=None, verbose=True)
2021-08-02 15:06:22,376:INFO:Initializing load_model()
2021-08-02 15:06:22,377:INFO:load_model(model_name=model/modelo_final_cat, platform=None, authentication=None, verbose=True)
2021-08-02 15:06:36,438:INFO:Initializing load_model()
2021-08-02 15:06:36,442:INFO:load_model(model_name=model/modelo_final_cat, platform=None, authentication=None, verbose=True)
2021-08-02 15:06:55,167:INFO:Initializing load_model()
2021-08-02 15:06:55,168:INFO:load_model(model_name=model/modelo_final_cat, platform=None, authentication=None, verbose=True)
2021-08-02 15:06:57,252:INFO:Initializing load_model()
2021-08-02 15:06:57,254:INFO:load_model(model_name=model/modelo_final_cat, platform=None, authentication=None, verbose=True)
2021-08-02 15:07:22,357:INFO:Initializing load_model()
2021-08-02 15:07:22,359:INFO:load_model(model_name=model/modelo_final_cat, platform=None, authentication=None, verbose=True)
2021-08-02 15:07:22,936:INFO:Initializing load_model()
2021-08-02 15:07:22,938:INFO:load_model(model_name=model/modelo_final_cat, platform=None, authentication=None, verbose=True)
2021-08-02 15:07:32,667:INFO:Initializing load_model()
2021-08-02 15:07:32,668:INFO:load_model(model_name=model/modelo_final_cat, platform=None, authentication=None, verbose=True)
2021-08-02 15:07:34,451:INFO:Initializing load_model()
2021-08-02 15:07:34,453:INFO:load_model(model_name=model/modelo_final_cat, platform=None, authentication=None, verbose=True)
2021-08-02 15:07:38,574:INFO:Initializing load_model()
2021-08-02 15:07:38,578:INFO:load_model(model_name=model/modelo_final_cat, platform=None, authentication=None, verbose=True)
2021-08-02 15:07:38,755:INFO:Initializing predict_model()
2021-08-02 15:07:38,761:INFO:predict_model(estimator=Pipeline(steps=[('dtypes',
                 DataTypes_Auto_infer(ml_usecase='regression',
                                      numerical_features=['num_quartos',
                                                          'num_banheiros',
                                                          'garagem',
                                                          'num_andares',
                                                          'aceita_animais',
                                                          'mobilia'],
                                      target='valor_aluguel')),
                ('imputer',
                 Simple_Imputer(categorical_strategy='not_available',
                                fill_value_categorical=None,
                                fill_value_numerical=None,
                                numeric_strategy='mean',
                                target_vari...
                ('binn', 'passthrough'), ('rem_outliers', 'passthrough'),
                ('cluster_all', 'passthrough'),
                ('dummy', Dummify(target='valor_aluguel')),
                ('fix_perfect', Remove_100(target='valor_aluguel')),
                ('clean_names', Clean_Colum_Names()),
                ('feature_select', 'passthrough'), ('fix_multi', 'passthrough'),
                ('dfs', 'passthrough'), ('pca', 'passthrough'),
                ['trained_model',
                 <catboost.core.CatBoostRegressor object at 0x7f09cac97310>]]), probability_threshold=None, encoded_labels=True, raw_score=False, round=4, verbose=True, ml_usecase=MLUsecase.REGRESSION, display=None)
2021-08-02 15:07:38,795:INFO:Checking exceptions
2021-08-02 15:07:38,803:INFO:Preloading libraries
2021-08-02 15:20:34,691:INFO:Initializing load_model()
2021-08-02 15:20:34,699:INFO:load_model(model_name=model/modelo_final_cat, platform=None, authentication=None, verbose=True)
2021-08-02 15:21:10,637:INFO:Initializing load_model()
2021-08-02 15:21:10,637:INFO:load_model(model_name=model/modelo_final_cat, platform=None, authentication=None, verbose=True)
2021-08-02 15:21:48,273:INFO:Initializing load_model()
2021-08-02 15:21:48,273:INFO:load_model(model_name=model/modelo_final_cat, platform=None, authentication=None, verbose=True)
2021-08-02 15:21:50,460:INFO:Initializing load_model()
2021-08-02 15:21:50,460:INFO:load_model(model_name=model/modelo_final_cat, platform=None, authentication=None, verbose=True)
2021-08-02 15:21:52,748:INFO:Initializing load_model()
2021-08-02 15:21:52,748:INFO:load_model(model_name=model/modelo_final_cat, platform=None, authentication=None, verbose=True)
2021-08-02 15:21:59,328:INFO:Initializing load_model()
2021-08-02 15:21:59,328:INFO:load_model(model_name=model/modelo_final_cat, platform=None, authentication=None, verbose=True)
2021-08-02 15:22:04,562:INFO:Initializing load_model()
2021-08-02 15:22:04,562:INFO:load_model(model_name=model/modelo_final_cat, platform=None, authentication=None, verbose=True)
2021-08-02 15:22:10,102:INFO:Initializing load_model()
2021-08-02 15:22:10,102:INFO:load_model(model_name=model/modelo_final_cat, platform=None, authentication=None, verbose=True)
2021-08-02 15:22:13,036:INFO:Initializing load_model()
2021-08-02 15:22:13,036:INFO:load_model(model_name=model/modelo_final_cat, platform=None, authentication=None, verbose=True)
2021-08-02 15:22:16,915:INFO:Initializing load_model()
2021-08-02 15:22:16,916:INFO:load_model(model_name=model/modelo_final_cat, platform=None, authentication=None, verbose=True)
2021-08-02 15:22:23,156:INFO:Initializing load_model()
2021-08-02 15:22:23,157:INFO:load_model(model_name=model/modelo_final_cat, platform=None, authentication=None, verbose=True)
2021-08-02 15:22:30,057:INFO:Initializing load_model()
2021-08-02 15:22:30,058:INFO:load_model(model_name=model/modelo_final_cat, platform=None, authentication=None, verbose=True)
2021-08-02 15:22:37,928:INFO:Initializing load_model()
2021-08-02 15:22:37,929:INFO:load_model(model_name=model/modelo_final_cat, platform=None, authentication=None, verbose=True)
2021-08-02 15:22:42,215:INFO:Initializing load_model()
2021-08-02 15:22:42,216:INFO:load_model(model_name=model/modelo_final_cat, platform=None, authentication=None, verbose=True)
2021-08-02 15:22:43,951:INFO:Initializing load_model()
2021-08-02 15:22:43,952:INFO:load_model(model_name=model/modelo_final_cat, platform=None, authentication=None, verbose=True)
2021-08-02 15:22:44,034:INFO:Initializing predict_model()
2021-08-02 15:22:44,034:INFO:predict_model(estimator=Pipeline(steps=[('dtypes',
                 DataTypes_Auto_infer(ml_usecase='regression',
                                      numerical_features=['num_quartos',
                                                          'num_banheiros',
                                                          'garagem',
                                                          'num_andares',
                                                          'aceita_animais',
                                                          'mobilia'],
                                      target='valor_aluguel')),
                ('imputer',
                 Simple_Imputer(categorical_strategy='not_available',
                                fill_value_categorical=None,
                                fill_value_numerical=None,
                                numeric_strategy='mean',
                                target_vari...
                ('binn', 'passthrough'), ('rem_outliers', 'passthrough'),
                ('cluster_all', 'passthrough'),
                ('dummy', Dummify(target='valor_aluguel')),
                ('fix_perfect', Remove_100(target='valor_aluguel')),
                ('clean_names', Clean_Colum_Names()),
                ('feature_select', 'passthrough'), ('fix_multi', 'passthrough'),
                ('dfs', 'passthrough'), ('pca', 'passthrough'),
                ['trained_model',
                 <catboost.core.CatBoostRegressor object at 0x7f09cac3b7c0>]]), probability_threshold=None, encoded_labels=True, raw_score=False, round=4, verbose=True, ml_usecase=MLUsecase.REGRESSION, display=None)
2021-08-02 15:22:44,036:INFO:Checking exceptions
2021-08-02 15:22:44,037:INFO:Preloading libraries
